app/build/outputs/mapping/release/seeds.txt
app.vercel.vanilla_calculator_tan.twa.LauncherActivity
app.vercel.vanilla_calculator_tan.twa.DelegationService
app.vercel.vanilla_calculator_tan.twa.Application
app.vercel.vanilla_calculator_tan.twa.DelegationService: DelegationService()
app.vercel.vanilla_calculator_tan.twa.LauncherActivity: LauncherActivity()
app.vercel.vanilla_calculator_tan.twa.Application: Application()
...
androidx.lifecycle.ReflectiveGenericLifecycleObserver
androidx.versionedparcelable.ParcelImpl
androidx.browser.browseractions.BrowserActionsFallbackMenuView
androidx.core.graphics.drawable.IconCompat
com.google.androidbrowserhelper.trusted.WebViewFallbackActivity
android.support.v4.app.RemoteActionCompatParcelizer
android.support.v4.graphics.drawable.IconCompatParcelizer
com.google.androidbrowserhelper.trusted.FocusActivity
androidx.core.content.FileProvider
androidx.versionedparcelable.CustomVersionedParcelable
com.google.androidbrowserhelper.trusted.NotificationPermissionRequestActivity
androidx.core.app.RemoteActionCompatParcelizer
androidx.annotation.Keep
androidx.core.app.RemoteActionCompat
androidx.core.app.CoreComponentFactory
com.google.androidbrowserhelper.trusted.ManageDataLauncherActivity
androidx.lifecycle.FullLifecycleObserverAdapter
androidx.core.graphics.drawable.IconCompatParcelizer
androidx.lifecycle.SingleGeneratedAdapterObserver
androidx.lifecycle.CompositeGeneratedAdaptersObserver
androidx.versionedparcelable.ParcelImpl: android.os.Parcelable$Creator CREATOR
com.google.androidbrowserhelper.trusted.ManageDataLauncherActivity: ManageDataLauncherActivity()
android.support.v4.app.RemoteActionCompatParcelizer: RemoteActionCompatParcelizer()
androidx.core.content.FileProvider: FileProvider()
androidx.core.app.RemoteActionCompatParcelizer: RemoteActionCompatParcelizer()
android.support.v4.app.RemoteActionCompatParcelizer: void write(androidx.core.app.RemoteActionCompat,androidx.versionedparcelable.VersionedParcel)
androidx.versionedparcelable.CustomVersionedParcelable: CustomVersionedParcelable()
com.google.androidbrowserhelper.trusted.FocusActivity: FocusActivity()
androidx.core.graphics.drawable.IconCompatParcelizer: void write(androidx.core.graphics.drawable.IconCompat,androidx.versionedparcelable.VersionedParcel)
com.google.androidbrowserhelper.trusted.WebViewFallbackActivity: WebViewFallbackActivity()
android.support.v4.graphics.drawable.IconCompatParcelizer: IconCompatParcelizer()
com.google.androidbrowserhelper.trusted.NotificationPermissionRequestActivity: NotificationPermissionRequestActivity()
androidx.core.app.CoreComponentFactory: CoreComponentFactory()
androidx.core.app.RemoteActionCompat: RemoteActionCompat()
android.support.v4.app.RemoteActionCompatParcelizer: androidx.core.app.RemoteActionCompat read(androidx.versionedparcelable.VersionedParcel)
androidx.core.app.RemoteActionCompatParcelizer: void write(androidx.core.app.RemoteActionCompat,androidx.versionedparcelable.VersionedParcel)
androidx.core.app.RemoteActionCompatParcelizer: androidx.core.app.RemoteActionCompat read(androidx.versionedparcelable.VersionedParcel)
android.support.v4.graphics.drawable.IconCompatParcelizer: androidx.core.graphics.drawable.IconCompat read(androidx.versionedparcelable.VersionedParcel)
androidx.core.graphics.drawable.IconCompatParcelizer: androidx.core.graphics.drawable.IconCompat read(androidx.versionedparcelable.VersionedParcel)
androidx.browser.browseractions.BrowserActionsFallbackMenuView: BrowserActionsFallbackMenuView(android.content.Context,android.util.AttributeSet)
androidx.core.graphics.drawable.IconCompatParcelizer: IconCompatParcelizer()
android.support.v4.graphics.drawable.IconCompatParcelizer: void write(androidx.core.graphics.drawable.IconCompat,androidx.versionedparcelable.VersionedParcel)
androidx.core.graphics.drawable.IconCompat: IconCompat()