app/build/outputs/mapping/release/mapping.txt
# compiler: R8
# compiler_version: 8.5.10
# min_api: 19
# common_typos_disable
# {"id":"com.android.tools.r8.mapping","version":"2.2"}
# pg_map_id: e1c4db5
# pg_map_hash: SHA-256 e1c4db599ea91b176a5b525a10b2ce5905e00bd06f1785cd8d88ad9f0a4f8369
app.vercel.vanilla_calculator_tan.twa.Application -> app.vercel.vanilla_calculator_tan.twa.Application:
# {"id":"sourceFile","fileName":"Application.java"}
app.vercel.vanilla_calculator_tan.twa.DelegationService -> app.vercel.vanilla_calculator_tan.twa.DelegationService:
# {"id":"sourceFile","fileName":"DelegationService.java"}
app.vercel.vanilla_calculator_tan.twa.LauncherActivity -> app.vercel.vanilla_calculator_tan.twa.LauncherActivity:
# {"id":"sourceFile","fileName":"LauncherActivity.java"}
    1:1:android.net.Uri getLaunchingUrl():0:0 -> h
...
com.google.androidbrowserhelper.trusted.DelegationService -> n.e:
# {"id":"sourceFile","fileName":"DelegationService.java"}
    java.util.List mExtraCommandHandlers -> d
    com.google.androidbrowserhelper.trusted.SharedPreferencesTokenStore mTokenStore -> e
      # {"id":"com.android.tools.r8.residualsignature","signature":"Ln/A;"}
    1:19:void <init>():0:0 -> <init>
    1:35:androidx.browser.trusted.TokenStore getTokenStore():0:0 -> c
      # {"id":"com.android.tools.r8.residualsignature","signature":"()Lf/m;"}
    1:34:android.os.Bundle onExtraCommand(java.lang.String,android.os.Bundle,androidx.browser.trusted.TrustedWebActivityCallbackRemote):0:0 -> f
      # {"id":"com.android.tools.r8.residualsignature","signature":"(Ljava/lang/String;Landroid/os/Bundle;Lf/n;)Landroid/os/Bundle;"}
    1:6:void registerExtraCommandHandler(com.google.androidbrowserhelper.trusted.ExtraCommandHandler):0:0 -> k
      # {"id":"com.android.tools.r8.residualsignature","signature":"(Ln/f;)V"}
com.google.androidbrowserhelper.trusted.ExtraCommandHandler -> n.f:
# {"id":"sourceFile","fileName":"ExtraCommandHandler.java"}
    android.os.Bundle handleExtraCommand(android.content.Context,java.lang.String,android.os.Bundle,androidx.browser.trusted.TrustedWebActivityCallbackRemote) -> a
      # {"id":"com.android.tools.r8.residualsignature","signature":"(Landroid/content/Context;Ljava/lang/String;Landroid/os/Bundle;Lf/n;)Landroid/os/Bundle;"}
com.google.androidbrowserhelper.trusted.FocusActivity -> com.google.androidbrowserhelper.trusted.FocusActivity:
# {"id":"sourceFile","fileName":"FocusActivity.java"}
    java.lang.Boolean mActivityExistsCached -> a
    1:1:void addToIntent(android.content.Intent,android.content.Context):0:0 -> a
com.google.androidbrowserhelper.trusted.LauncherActivity -> n.h:
# {"id":"sourceFile","fileName":"LauncherActivity.java"}
    com.google.androidbrowserhelper.trusted.LauncherActivityMetadata mMetadata -> a
      # {"id":"com.android.tools.r8.residualsignature","signature":"Ln/i;"}
    boolean mBrowserWasLaunched -> b
    com.google.androidbrowserhelper.trusted.splashscreens.PwaWrapperSplashScreenStrategy mSplashScreenStrategy -> c
      # {"id":"com.android.tools.r8.residualsignature","signature":"Lo/c;"}
    com.google.androidbrowserhelper.trusted.TwaLauncher mTwaLauncher -> d
      # {"id":"com.android.tools.r8.residualsignature","signature":"Ln/H;"}
    boolean sChromeVersionChecked -> e
    int sLauncherActivitiesAlive -> f
    1:4:void <init>():0:0 -> <init>
    1:1:void n.LauncherActivity.$r8$lambda$3hzfHJhFJZQ5nI3Mti9chnnx2cM(n.LauncherActivity):0:0 -> a
      # {"id":"com.android.tools.r8.synthesized"}
      # {"id":"com.android.tools.r8.residualsignature","signature":"(Ln/h;)V"}
    1:59:void addShareDataIfPresent(androidx.browser.trusted.TrustedWebActivityIntentBuilder):0:0 -> b
      # {"id":"com.android.tools.r8.residualsignature","signature":"(Lf/q;)V"}
    1:6:com.google.androidbrowserhelper.trusted.TwaLauncher createTwaLauncher():0:0 -> c
      # {"id":"com.android.tools.r8.residualsignature","signature":"()Ln/H;"}
    1:5:int getColorCompat(int):0:0 -> d
    1:6:androidx.browser.customtabs.CustomTabsCallback getCustomTabsCallback():0:0 -> e