app/build/outputs/mapping/release/usage.txt
app.vercel.vanilla_calculator_tan.twa.R$bool
app.vercel.vanilla_calculator_tan.twa.R$color
app.vercel.vanilla_calculator_tan.twa.R$drawable
app.vercel.vanilla_calculator_tan.twa.R$integer
app.vercel.vanilla_calculator_tan.twa.R$mipmap
app.vercel.vanilla_calculator_tan.twa.R$raw
app.vercel.vanilla_calculator_tan.twa.R$string
app.vercel.vanilla_calculator_tan.twa.R$xml
app.vercel.vanilla_calculator_tan.twa.R
...
androidx.arch.core.internal.SafeIterableMap
androidx.arch.core.util.Function
androidx.browser.R$color
androidx.browser.R$dimen:
    private void <init>()
androidx.browser.R$id
androidx.browser.R$layout
androidx.browser.R$string
androidx.browser.R$xml
androidx.browser.R
androidx.browser.browseractions.BrowserActionItem
androidx.browser.browseractions.BrowserActionsFallbackMenuAdapter$1
androidx.browser.browseractions.BrowserActionsFallbackMenuAdapter$2
androidx.browser.browseractions.BrowserActionsFallbackMenuAdapter$ViewHolderItem
androidx.browser.browseractions.BrowserActionsFallbackMenuAdapter
androidx.browser.browseractions.BrowserActionsFallbackMenuDialog$1
androidx.browser.browseractions.BrowserActionsFallbackMenuDialog
androidx.browser.browseractions.BrowserActionsFallbackMenuUi$1
androidx.browser.browseractions.BrowserActionsFallbackMenuUi$2
androidx.browser.browseractions.BrowserActionsFallbackMenuUi$3
androidx.browser.browseractions.BrowserActionsFallbackMenuUi$BrowserActionsFallMenuUiListener
androidx.browser.browseractions.BrowserActionsFallbackMenuUi
androidx.browser.browseractions.BrowserActionsIntent$BrowserActionsFallDialogListener
androidx.browser.browseractions.BrowserActionsIntent$BrowserActionsItemId
androidx.browser.browseractions.BrowserActionsIntent$BrowserActionsUrlType
androidx.browser.browseractions.BrowserActionsIntent$Builder
androidx.browser.browseractions.BrowserActionsIntent
androidx.browser.browseractions.BrowserServiceFileProvider$1
androidx.browser.browseractions.BrowserServiceFileProvider$FileCleanupTask
androidx.browser.browseractions.BrowserServiceFileProvider$FileSaveTask
androidx.browser.browseractions.BrowserServiceFileProvider
androidx.browser.customtabs.CustomTabColorSchemeParams$Builder:
    public androidx.browser.customtabs.CustomTabColorSchemeParams$Builder setSecondaryToolbarColor(int)
androidx.browser.customtabs.CustomTabsCallback:
    public static final int NAVIGATION_ABORTED
    public static final int NAVIGATION_FAILED
    public static final int NAVIGATION_FINISHED
    public static final int NAVIGATION_STARTED
    public static final java.lang.String ONLINE_EXTRAS_KEY
    public static final int TAB_HIDDEN
    public static final int TAB_SHOWN
androidx.browser.customtabs.CustomTabsClient$1
androidx.browser.customtabs.CustomTabsClient:
    private static final java.lang.String TAG
    public androidx.browser.customtabs.CustomTabsSession attachSession(androidx.browser.customtabs.CustomTabsSession$PendingSession)
    public static boolean connectAndInitialize(android.content.Context,java.lang.String)
    public android.os.Bundle extraCommand(java.lang.String,android.os.Bundle)
    public static java.lang.String getPackageName(android.content.Context,java.util.List)
    public static java.lang.String getPackageName(android.content.Context,java.util.List,boolean)
    public static androidx.browser.customtabs.CustomTabsSession$PendingSession newPendingSession(android.content.Context,androidx.browser.customtabs.CustomTabsCallback,int)